{"/mnt/c/Users/tinot/OneDrive/Documents/Computer Science/year 3/sem 1/cos 301/Dev Opps/StockFellow/StockFellow/services/user-service/src/commands/registerUser.js": {"path":"/mnt/c/Users/tinot/OneDrive/Documents/Computer Science/year 3/sem 1/cos 301/Dev Opps/StockFellow/StockFellow/services/user-service/src/commands/registerUser.js","statementMap":{"0":{"start":{"line":1,"column":19},"end":{"line":1,"column":50}},"1":{"start":{"line":2,"column":18},"end":{"line":2,"column":48}},"2":{"start":{"line":3,"column":14},"end":{"line":3,"column":30}},"3":{"start":{"line":4,"column":15},"end":{"line":4,"column":41}},"4":{"start":{"line":8,"column":4},"end":{"line":10,"column":5}},"5":{"start":{"line":9,"column":6},"end":{"line":9,"column":39}},"6":{"start":{"line":12,"column":4},"end":{"line":22,"column":5}},"7":{"start":{"line":13,"column":6},"end":{"line":17,"column":8}},"8":{"start":{"line":18,"column":6},"end":{"line":18,"column":59}},"9":{"start":{"line":20,"column":6},"end":{"line":20,"column":60}},"10":{"start":{"line":21,"column":6},"end":{"line":21,"column":45}},"11":{"start":{"line":24,"column":18},"end":{"line":24,"column":95}},"12":{"start":{"line":25,"column":4},"end":{"line":25,"column":41}},"13":{"start":{"line":26,"column":4},"end":{"line":26,"column":17}},"14":{"start":{"line":30,"column":0},"end":{"line":30,"column":43}}},"fnMap":{"0":{"name":"(anonymous_0)","decl":{"start":{"line":7,"column":2},"end":{"line":7,"column":3}},"loc":{"start":{"line":7,"column":53},"end":{"line":27,"column":3}},"line":7}},"branchMap":{"0":{"loc":{"start":{"line":8,"column":4},"end":{"line":10,"column":5}},"type":"if","locations":[{"start":{"line":8,"column":4},"end":{"line":10,"column":5}},{"start":{},"end":{}}],"line":8},"1":{"loc":{"start":{"line":8,"column":8},"end":{"line":8,"column":58}},"type":"binary-expr","locations":[{"start":{"line":8,"column":8},"end":{"line":8,"column":13}},{"start":{"line":8,"column":17},"end":{"line":8,"column":35}},{"start":{"line":8,"column":39},"end":{"line":8,"column":58}}],"line":8}},"s":{"0":1,"1":1,"2":1,"3":1,"4":4,"5":2,"6":2,"7":2,"8":1,"9":1,"10":1,"11":1,"12":1,"13":1,"14":1},"f":{"0":4},"b":{"0":[2,2],"1":[4,4,3]},"_coverageSchema":"1a1c01bbd47fc00a2c39e90264f33305004495a9","hash":"6589c7b8356ee86295327224a4b2411097d043e3"}
,"/mnt/c/Users/tinot/OneDrive/Documents/Computer Science/year 3/sem 1/cos 301/Dev Opps/StockFellow/StockFellow/services/user-service/src/events/eventStore.js": {"path":"/mnt/c/Users/tinot/OneDrive/Documents/Computer Science/year 3/sem 1/cos 301/Dev Opps/StockFellow/StockFellow/services/user-service/src/events/eventStore.js","statementMap":{"0":{"start":{"line":1,"column":17},"end":{"line":1,"column":36}},"1":{"start":{"line":3,"column":20},"end":{"line":7,"column":2}},"2":{"start":{"line":8,"column":0},"end":{"line":8,"column":40}},"3":{"start":{"line":9,"column":14},"end":{"line":9,"column":50}},"4":{"start":{"line":13,"column":18},"end":{"line":13,"column":48}},"5":{"start":{"line":14,"column":4},"end":{"line":14,"column":23}},"6":{"start":{"line":15,"column":4},"end":{"line":15,"column":17}},"7":{"start":{"line":18,"column":4},"end":{"line":18,"column":78}},"8":{"start":{"line":21,"column":0},"end":{"line":21,"column":34}}},"fnMap":{"0":{"name":"(anonymous_0)","decl":{"start":{"line":12,"column":2},"end":{"line":12,"column":3}},"loc":{"start":{"line":12,"column":37},"end":{"line":16,"column":3}},"line":12},"1":{"name":"(anonymous_1)","decl":{"start":{"line":17,"column":2},"end":{"line":17,"column":3}},"loc":{"start":{"line":17,"column":26},"end":{"line":19,"column":3}},"line":17}},"branchMap":{},"s":{"0":1,"1":1,"2":1,"3":1,"4":0,"5":0,"6":0,"7":0,"8":1},"f":{"0":0,"1":0},"b":{},"_coverageSchema":"1a1c01bbd47fc00a2c39e90264f33305004495a9","hash":"1cbddb7473736e2a5d0da7642b0f914951f5b6f4"}
,"/mnt/c/Users/tinot/OneDrive/Documents/Computer Science/year 3/sem 1/cos 301/Dev Opps/StockFellow/StockFellow/services/user-service/src/models/readModel.js": {"path":"/mnt/c/Users/tinot/OneDrive/Documents/Computer Science/year 3/sem 1/cos 301/Dev Opps/StockFellow/StockFellow/services/user-service/src/models/readModel.js","statementMap":{"0":{"start":{"line":1,"column":19},"end":{"line":1,"column":50}},"1":{"start":{"line":2,"column":17},"end":{"line":2,"column":36}},"2":{"start":{"line":4,"column":19},"end":{"line":10,"column":2}},"3":{"start":{"line":12,"column":13},"end":{"line":12,"column":47}},"4":{"start":{"line":16,"column":19},"end":{"line":16,"column":53}},"5":{"start":{"line":17,"column":4},"end":{"line":31,"column":5}},"6":{"start":{"line":18,"column":6},"end":{"line":30,"column":7}},"7":{"start":{"line":19,"column":8},"end":{"line":29,"column":10}},"8":{"start":{"line":35,"column":4},"end":{"line":35,"column":42}},"9":{"start":{"line":39,"column":0},"end":{"line":39,"column":37}}},"fnMap":{"0":{"name":"(anonymous_0)","decl":{"start":{"line":15,"column":2},"end":{"line":15,"column":3}},"loc":{"start":{"line":15,"column":29},"end":{"line":32,"column":3}},"line":15},"1":{"name":"(anonymous_1)","decl":{"start":{"line":34,"column":2},"end":{"line":34,"column":3}},"loc":{"start":{"line":34,"column":24},"end":{"line":36,"column":3}},"line":34}},"branchMap":{"0":{"loc":{"start":{"line":18,"column":6},"end":{"line":30,"column":7}},"type":"if","locations":[{"start":{"line":18,"column":6},"end":{"line":30,"column":7}},{"start":{},"end":{}}],"line":18}},"s":{"0":1,"1":1,"2":1,"3":1,"4":0,"5":0,"6":0,"7":0,"8":0,"9":1},"f":{"0":0,"1":0},"b":{"0":[0,0]},"_coverageSchema":"1a1c01bbd47fc00a2c39e90264f33305004495a9","hash":"55c673cb3ae720e241d93bf11090406c862e1fb8"}
,"/mnt/c/Users/tinot/OneDrive/Documents/Computer Science/year 3/sem 1/cos 301/Dev Opps/StockFellow/StockFellow/services/user-service/src/utils/logger.js": {"path":"/mnt/c/Users/tinot/OneDrive/Documents/Computer Science/year 3/sem 1/cos 301/Dev Opps/StockFellow/StockFellow/services/user-service/src/utils/logger.js","statementMap":{"0":{"start":{"line":1,"column":16},"end":{"line":1,"column":34}},"1":{"start":{"line":3,"column":15},"end":{"line":13,"column":2}},"2":{"start":{"line":15,"column":0},"end":{"line":15,"column":24}}},"fnMap":{},"branchMap":{},"s":{"0":1,"1":1,"2":1},"f":{},"b":{},"_coverageSchema":"1a1c01bbd47fc00a2c39e90264f33305004495a9","hash":"98e973b4770186c3f29b2a43e35037a2f37e5f7d"}
}
