TN:
SF:src/commands/registerUser.js
FN:7,(anonymous_0)
FNF:1
FNH:1
FNDA:4,(anonymous_0)
DA:1,1
DA:2,1
DA:3,1
DA:4,1
DA:8,4
DA:9,2
DA:12,2
DA:13,2
DA:18,1
DA:20,1
DA:21,1
DA:24,1
DA:25,1
DA:26,1
DA:30,1
LF:15
LH:15
BRDA:8,0,0,2
BRDA:8,0,1,2
BRDA:8,1,0,4
BRDA:8,1,1,4
BRDA:8,1,2,3
BRF:5
BRH:5
end_of_record
TN:
SF:src/events/eventStore.js
FN:12,(anonymous_0)
FN:17,(anonymous_1)
FNF:2
FNH:0
FNDA:0,(anonymous_0)
FNDA:0,(anonymous_1)
DA:1,1
DA:3,1
DA:8,1
DA:9,1
DA:13,0
DA:14,0
DA:15,0
DA:18,0
DA:21,1
LF:9
LH:5
BRF:0
BRH:0
end_of_record
TN:
SF:src/models/readModel.js
FN:15,(anonymous_0)
FN:34,(anonymous_1)
FNF:2
FNH:0
FNDA:0,(anonymous_0)
FNDA:0,(anonymous_1)
DA:1,1
DA:2,1
DA:4,1
DA:12,1
DA:16,0
DA:17,0
DA:18,0
DA:19,0
DA:35,0
DA:39,1
LF:10
LH:5
BRDA:18,0,0,0
BRDA:18,0,1,0
BRF:2
BRH:0
end_of_record
TN:
SF:src/utils/logger.js
FNF:0
FNH:0
DA:1,1
DA:3,1
DA:15,1
LF:3
LH:3
BRF:0
BRH:0
end_of_record
